Information: Updating design information... (UID-85)
 
****************************************
Report : timing
        -path full
        -delay min
        -max_paths 1
Design : MyDesign
Version: P-2019.03-SP1
Date   : Tue Nov 16 23:04:16 2021
****************************************

Operating Conditions: fast   Library: NangateOpenCellLibrary_PDKv1_2_v2008_10_fast_nldm
Wire Load Model Mode: top

  Startpoint: control_inst/busy_reg_reg
              (rising edge-triggered flip-flop clocked by clk)
  Endpoint: control_inst/busy_reg_reg
            (rising edge-triggered flip-flop clocked by clk)
  Path Group: clk
  Path Type: min

  Point                                                   Incr       Path
  --------------------------------------------------------------------------
  clock clk (rise edge)                                 0.0000     0.0000
  clock network delay (ideal)                           0.0000     0.0000
  control_inst/busy_reg_reg/CK (DFF_X2)                 0.0000     0.0000 r
  control_inst/busy_reg_reg/QN (DFF_X2)                 0.0485     0.0485 f
  U69/ZN (AND3_X1)                                      0.0479     0.0964 f
  control_inst/busy_reg_reg/D (DFF_X2)                  0.0000     0.0964 f
  data arrival time                                                0.0964

  clock clk (rise edge)                                 0.0000     0.0000
  clock network delay (ideal)                           0.0000     0.0000
  clock uncertainty                                     0.0500     0.0500
  control_inst/busy_reg_reg/CK (DFF_X2)                 0.0000     0.0500 r
  library hold time                                     0.0000     0.0500
  data required time                                               0.0500
  --------------------------------------------------------------------------
  data required time                                               0.0500
  data arrival time                                               -0.0964
  --------------------------------------------------------------------------
  slack (MET)                                                      0.0464


1
